<?xml version="1.0" encoding="UTF-8"?>
<testsuite xmlns:xsi="http://www.w3.org/2001/XMLSchema-instance" xsi:noNamespaceSchemaLocation="https://maven.apache.org/surefire/maven-surefire-plugin/xsd/surefire-test-report.xsd" version="3.0.2" name="com.example.donvan.telegram.TelegramBotSenderTests" time="0.077" tests="2" errors="0" skipped="0" failures="0">
  <properties>
[...]
</properties>
  <testcase name="sendMessage_postsExpectedPayload" classname="com.example.donvan.telegram.TelegramBotSenderTests" time="0.074">
    <system-out><![CDATA[[TELEGRAM] sendMessage | chatId=987654321 | status=200 | version=HTTP_1_1 | body={"ok":true,"result":{"message_id":1}}
]]></system-out>
  </testcase>
  <testcase name="sendMessage_throwsWhenTelegramRejectsRequest" classname="com.example.donvan.telegram.TelegramBotSenderTests" time="0.003">
    <system-out><![CDATA[[TELEGRAM] sendMessage | chatId=bad-chat | status=200 | version=HTTP_1_1 | body={"ok":false,"error_code":400,"description":"chat not found"}
]]></system-out>
  </testcase>
</testsuite>